[2024-08-25 13:47:01] merlin-logger.DEBUG: The welcome step has been displayed [] []
[2024-08-25 13:47:05] merlin-logger.DEBUG: The child theme installation step has been displayed [] []
[2024-08-25 13:47:10] merlin-logger.DEBUG: The child theme style.css content was generated [] []
[2024-08-25 13:47:10] merlin-logger.DEBUG: The child theme functions.php content was generated [] []
[2024-08-25 13:47:10] merlin-logger.DEBUG: The child theme screenshot was copied to the child theme, with the following result {"copied":true} []
[2024-08-25 13:47:11] merlin-logger.DEBUG: The newly generated child theme was activated [] []
[2024-08-25 13:47:16] merlin-logger.DEBUG: The plugin installation step has been displayed [] []
[2024-08-25 13:47:20] merlin-logger.DEBUG: A plugin with the following data will be processed {"plugin_slug":"serano-core-plugin","message":"Installing"} []
[2024-08-25 13:47:21] merlin-logger.DEBUG: A plugin with the following data will be processed {"plugin_slug":"serano-core-plugin","message":"Activating"} []
[2024-08-25 13:47:22] merlin-logger.DEBUG: A plugin with the following data was processed {"plugin_slug":"serano-core-plugin"} []
[2024-08-25 13:47:23] merlin-logger.DEBUG: A plugin with the following data will be processed {"plugin_slug":"contact-form-7","message":"Installing"} []
[2024-08-25 13:47:26] merlin-logger.DEBUG: A plugin with the following data will be processed {"plugin_slug":"contact-form-7","message":"Activating"} []
[2024-08-25 13:47:28] merlin-logger.DEBUG: A plugin with the following data was processed {"plugin_slug":"contact-form-7"} []
[2024-08-25 13:47:28] merlin-logger.DEBUG: A plugin with the following data will be processed {"plugin_slug":"serano-elementor-blocks","message":"Installing"} []
[2024-08-25 13:47:29] merlin-logger.DEBUG: A plugin with the following data will be processed {"plugin_slug":"serano-elementor-blocks","message":"Activating"} []
[2024-08-25 13:47:30] merlin-logger.DEBUG: A plugin with the following data was processed {"plugin_slug":"serano-elementor-blocks"} []
[2024-08-25 13:47:31] merlin-logger.DEBUG: A plugin with the following data will be processed {"plugin_slug":"serano-gutenberg-blocks","message":"Installing"} []
[2024-08-25 13:47:32] merlin-logger.DEBUG: A plugin with the following data will be processed {"plugin_slug":"serano-gutenberg-blocks","message":"Activating"} []
[2024-08-25 13:47:33] merlin-logger.DEBUG: A plugin with the following data was processed {"plugin_slug":"serano-gutenberg-blocks"} []
[2024-08-25 13:47:37] merlin-logger.DEBUG: The content import step has been displayed [] []
[2024-08-25 13:47:51] merlin-logger.INFO: The content import AJAX call will be executed with this import data {"title":"Content","data":"E:\\xampp\\htdocs\\wordpress/wp-content/uploads/2024/08/content-2024-08-25__13-47-49.xml"} []
[2024-08-25 13:47:52] merlin-logger.INFO: Imported "Nature" (category) [] []
[2024-08-25 13:47:52] merlin-logger.DEBUG: Term 6 remapped to 3 [] []
[2024-08-25 13:47:52] merlin-logger.INFO: Imported "Sport" (category) [] []
[2024-08-25 13:47:52] merlin-logger.DEBUG: Term 8 remapped to 4 [] []
[2024-08-25 13:47:52] merlin-logger.INFO: Imported "Travel" (category) [] []
[2024-08-25 13:47:52] merlin-logger.DEBUG: Term 4 remapped to 5 [] []
[2024-08-25 13:47:52] merlin-logger.INFO: Imported "autum" (post_tag) [] []
[2024-08-25 13:47:52] merlin-logger.DEBUG: Term 2 remapped to 6 [] []
[2024-08-25 13:47:52] merlin-logger.INFO: Imported "drone" (post_tag) [] []
[2024-08-25 13:47:52] merlin-logger.DEBUG: Term 11 remapped to 7 [] []
[2024-08-25 13:47:52] merlin-logger.INFO: Imported "egypt" (post_tag) [] []
[2024-08-25 13:47:52] merlin-logger.DEBUG: Term 14 remapped to 8 [] []
[2024-08-25 13:47:52] merlin-logger.INFO: Imported "gold" (post_tag) [] []
[2024-08-25 13:47:52] merlin-logger.DEBUG: Term 15 remapped to 9 [] []
[2024-08-25 13:47:52] merlin-logger.INFO: Imported "landscape" (post_tag) [] []
[2024-08-25 13:47:52] merlin-logger.DEBUG: Term 12 remapped to 10 [] []
[2024-08-25 13:47:52] merlin-logger.INFO: Imported "nature" (post_tag) [] []
[2024-08-25 13:47:52] merlin-logger.DEBUG: Term 13 remapped to 11 [] []
[2024-08-25 13:47:52] merlin-logger.INFO: Imported "ocean" (post_tag) [] []
[2024-08-25 13:47:52] merlin-logger.DEBUG: Term 7 remapped to 12 [] []
[2024-08-25 13:47:53] merlin-logger.INFO: Imported "road" (post_tag) [] []
[2024-08-25 13:47:53] merlin-logger.DEBUG: Term 3 remapped to 13 [] []
[2024-08-25 13:47:53] merlin-logger.INFO: Imported "sport" (post_tag) [] []
[2024-08-25 13:47:53] merlin-logger.DEBUG: Term 9 remapped to 14 [] []
[2024-08-25 13:47:53] merlin-logger.INFO: Imported "storm" (post_tag) [] []
[2024-08-25 13:47:53] merlin-logger.DEBUG: Term 16 remapped to 15 [] []
[2024-08-25 13:47:53] merlin-logger.INFO: Imported "trip" (post_tag) [] []
[2024-08-25 13:47:53] merlin-logger.DEBUG: Term 5 remapped to 16 [] []
[2024-08-25 13:47:53] merlin-logger.INFO: Imported "water" (post_tag) [] []
[2024-08-25 13:47:53] merlin-logger.DEBUG: Term 10 remapped to 17 [] []
[2024-08-25 13:47:53] merlin-logger.INFO: Imported "Design" (portfolio_category) [] []
[2024-08-25 13:47:53] merlin-logger.DEBUG: Term 20 remapped to 18 [] []
[2024-08-25 13:47:53] merlin-logger.INFO: Imported "Photo" (portfolio_category) [] []
[2024-08-25 13:47:53] merlin-logger.DEBUG: Term 18 remapped to 19 [] []
[2024-08-25 13:47:53] merlin-logger.INFO: Imported "Video" (portfolio_category) [] []
[2024-08-25 13:47:53] merlin-logger.DEBUG: Term 19 remapped to 20 [] []
[2024-08-25 13:47:53] merlin-logger.INFO: Imported "Main Menu" (nav_menu) [] []
[2024-08-25 13:47:53] merlin-logger.DEBUG: Term 17 remapped to 21 [] []
[2024-08-25 13:47:54] merlin-logger.INFO: Imported "01hero" (Media) [] []
[2024-08-25 13:47:54] merlin-logger.DEBUG: Post 7 remapped to 13 [] []
[2024-08-25 13:47:55] merlin-logger.INFO: Imported "02hero" (Media) [] []
[2024-08-25 13:47:55] merlin-logger.DEBUG: Post 8 remapped to 14 [] []
[2024-08-25 13:47:56] merlin-logger.INFO: Imported "03hero" (Media) [] []
[2024-08-25 13:47:56] merlin-logger.DEBUG: Post 9 remapped to 15 [] []
[2024-08-25 13:47:56] merlin-logger.INFO: Imported "04hero" (Media) [] []
[2024-08-25 13:47:56] merlin-logger.DEBUG: Post 10 remapped to 16 [] []
[2024-08-25 13:47:57] merlin-logger.INFO: Imported "05hero" (Media) [] []
[2024-08-25 13:47:57] merlin-logger.DEBUG: Post 11 remapped to 11 [] []
[2024-08-25 13:47:57] merlin-logger.INFO: Imported "06hero" (Media) [] []
[2024-08-25 13:47:57] merlin-logger.DEBUG: Post 12 remapped to 17 [] []
[2024-08-25 13:47:58] merlin-logger.INFO: Imported "07hero" (Media) [] []
[2024-08-25 13:47:58] merlin-logger.DEBUG: Post 13 remapped to 18 [] []
[2024-08-25 13:47:59] merlin-logger.INFO: Imported "08hero" (Media) [] []
[2024-08-25 13:47:59] merlin-logger.DEBUG: Post 14 remapped to 19 [] []
[2024-08-25 13:48:00] merlin-logger.INFO: Imported "audio01" (Media) [] []
[2024-08-25 13:48:00] merlin-logger.DEBUG: Post 21 remapped to 21 [] []
[2024-08-25 13:48:00] merlin-logger.INFO: Imported "audio02" (Media) [] []
[2024-08-25 13:48:00] merlin-logger.DEBUG: Post 22 remapped to 22 [] []
[2024-08-25 13:48:01] merlin-logger.INFO: Imported "audio03" (Media) [] []
[2024-08-25 13:48:01] merlin-logger.DEBUG: Post 23 remapped to 23 [] []
[2024-08-25 13:48:01] merlin-logger.INFO: Imported "cast01" (Media) [] []
[2024-08-25 13:48:01] merlin-logger.DEBUG: Post 24 remapped to 24 [] []
[2024-08-25 13:48:02] merlin-logger.INFO: Imported "cast02" (Media) [] []
[2024-08-25 13:48:02] merlin-logger.DEBUG: Post 25 remapped to 25 [] []
[2024-08-25 13:48:02] merlin-logger.INFO: Imported "cast03" (Media) [] []
[2024-08-25 13:48:02] merlin-logger.DEBUG: Post 26 remapped to 26 [] []
[2024-08-25 13:48:03] merlin-logger.INFO: Imported "cast04" (Media) [] []
[2024-08-25 13:48:03] merlin-logger.DEBUG: Post 27 remapped to 27 [] []
[2024-08-25 13:48:03] merlin-logger.INFO: Imported "cast05" (Media) [] []
[2024-08-25 13:48:03] merlin-logger.DEBUG: Post 28 remapped to 28 [] []
[2024-08-25 13:48:04] merlin-logger.INFO: Imported "cast06" (Media) [] []
[2024-08-25 13:48:04] merlin-logger.DEBUG: Post 29 remapped to 29 [] []
[2024-08-25 13:48:05] merlin-logger.INFO: Imported "leafs01" (Media) [] []
[2024-08-25 13:48:05] merlin-logger.DEBUG: Post 30 remapped to 30 [] []
[2024-08-25 13:48:05] merlin-logger.INFO: Imported "leafs02" (Media) [] []
[2024-08-25 13:48:05] merlin-logger.DEBUG: Post 31 remapped to 31 [] []
[2024-08-25 13:48:06] merlin-logger.INFO: Imported "leafs03" (Media) [] []
[2024-08-25 13:48:06] merlin-logger.DEBUG: Post 32 remapped to 32 [] []
[2024-08-25 13:48:07] merlin-logger.INFO: Imported "liberty01" (Media) [] []
[2024-08-25 13:48:07] merlin-logger.DEBUG: Post 33 remapped to 33 [] []
[2024-08-25 13:48:07] merlin-logger.INFO: Imported "liberty02" (Media) [] []
[2024-08-25 13:48:07] merlin-logger.DEBUG: Post 35 remapped to 35 [] []
[2024-08-25 13:48:08] merlin-logger.INFO: Imported "liberty03" (Media) [] []
[2024-08-25 13:48:08] merlin-logger.DEBUG: Post 36 remapped to 36 [] []
[2024-08-25 13:48:08] merlin-logger.INFO: Imported "liberty04" (Media) [] []
[2024-08-25 13:48:08] merlin-logger.DEBUG: Post 37 remapped to 37 [] []
[2024-08-25 13:48:09] merlin-logger.INFO: Imported "liberty05" (Media) [] []
[2024-08-25 13:48:09] merlin-logger.DEBUG: Post 38 remapped to 38 [] []
[2024-08-25 13:48:10] merlin-logger.INFO: Imported "organic01" (Media) [] []
[2024-08-25 13:48:10] merlin-logger.DEBUG: Post 39 remapped to 39 [] []
[2024-08-25 13:48:10] merlin-logger.INFO: Imported "organic03" (Media) [] []
[2024-08-25 13:48:10] merlin-logger.DEBUG: Post 40 remapped to 40 [] []
[2024-08-25 13:48:11] merlin-logger.INFO: Imported "organic04" (Media) [] []
[2024-08-25 13:48:11] merlin-logger.DEBUG: Post 41 remapped to 41 [] []
[2024-08-25 13:48:11] merlin-logger.INFO: Imported "squeeze01" (Media) [] []
[2024-08-25 13:48:11] merlin-logger.DEBUG: Post 42 remapped to 42 [] []
[2024-08-25 13:48:11] merlin-logger.INFO: New AJAX call! [] []
[2024-08-25 13:48:13] merlin-logger.INFO: The content import AJAX call will be executed with this import data {"title":"Content","data":"E:\\xampp\\htdocs\\wordpress/wp-content/uploads/2024/08/content-2024-08-25__13-47-49.xml"} []
[2024-08-25 13:48:14] merlin-logger.INFO: Imported "squeeze02" (Media) [] []
[2024-08-25 13:48:14] merlin-logger.DEBUG: Post 43 remapped to 43 [] []
[2024-08-25 13:48:15] merlin-logger.INFO: Imported "squeeze03" (Media) [] []
[2024-08-25 13:48:15] merlin-logger.DEBUG: Post 44 remapped to 44 [] []
[2024-08-25 13:48:15] merlin-logger.INFO: Imported "squeeze04" (Media) [] []
[2024-08-25 13:48:15] merlin-logger.DEBUG: Post 45 remapped to 45 [] []
[2024-08-25 13:48:16] merlin-logger.INFO: Imported "squeeze05" (Media) [] []
[2024-08-25 13:48:16] merlin-logger.DEBUG: Post 46 remapped to 46 [] []
[2024-08-25 13:48:17] merlin-logger.INFO: Imported "squeeze06" (Media) [] []
[2024-08-25 13:48:17] merlin-logger.DEBUG: Post 47 remapped to 47 [] []
[2024-08-25 13:48:17] merlin-logger.INFO: Imported "squeeze07" (Media) [] []
[2024-08-25 13:48:17] merlin-logger.DEBUG: Post 48 remapped to 48 [] []
[2024-08-25 13:48:18] merlin-logger.INFO: Imported "squeeze08" (Media) [] []
[2024-08-25 13:48:18] merlin-logger.DEBUG: Post 49 remapped to 49 [] []
[2024-08-25 13:48:18] merlin-logger.INFO: Imported "tools01" (Media) [] []
[2024-08-25 13:48:18] merlin-logger.DEBUG: Post 50 remapped to 50 [] []
[2024-08-25 13:48:19] merlin-logger.INFO: Imported "tools02" (Media) [] []
[2024-08-25 13:48:19] merlin-logger.DEBUG: Post 51 remapped to 51 [] []
[2024-08-25 13:48:19] merlin-logger.INFO: Imported "tools03" (Media) [] []
[2024-08-25 13:48:19] merlin-logger.DEBUG: Post 52 remapped to 52 [] []
[2024-08-25 13:48:20] merlin-logger.INFO: Imported "tools04" (Media) [] []
[2024-08-25 13:48:20] merlin-logger.DEBUG: Post 53 remapped to 53 [] []
[2024-08-25 13:48:20] merlin-logger.INFO: Imported "tools05" (Media) [] []
[2024-08-25 13:48:20] merlin-logger.DEBUG: Post 54 remapped to 54 [] []
[2024-08-25 13:48:21] merlin-logger.INFO: Imported "tools06" (Media) [] []
[2024-08-25 13:48:21] merlin-logger.DEBUG: Post 55 remapped to 55 [] []
[2024-08-25 13:48:21] merlin-logger.INFO: Imported "urban01" (Media) [] []
[2024-08-25 13:48:21] merlin-logger.DEBUG: Post 56 remapped to 56 [] []
[2024-08-25 13:48:22] merlin-logger.INFO: Imported "urban02" (Media) [] []
[2024-08-25 13:48:22] merlin-logger.DEBUG: Post 57 remapped to 57 [] []
[2024-08-25 13:48:22] merlin-logger.INFO: Imported "urban03" (Media) [] []
[2024-08-25 13:48:22] merlin-logger.DEBUG: Post 58 remapped to 58 [] []
[2024-08-25 13:48:23] merlin-logger.INFO: Imported "urban04" (Media) [] []
[2024-08-25 13:48:23] merlin-logger.DEBUG: Post 59 remapped to 59 [] []
[2024-08-25 13:48:23] merlin-logger.INFO: Imported "urban05" (Media) [] []
[2024-08-25 13:48:23] merlin-logger.DEBUG: Post 60 remapped to 60 [] []
[2024-08-25 13:48:24] merlin-logger.INFO: Imported "1" (Media) [] []
[2024-08-25 13:48:24] merlin-logger.DEBUG: Post 2573 remapped to 2573 [] []
[2024-08-25 13:48:25] merlin-logger.INFO: Imported "7" (Media) [] []
[2024-08-25 13:48:25] merlin-logger.DEBUG: Post 2574 remapped to 2574 [] []
[2024-08-25 13:48:26] merlin-logger.INFO: Imported "8" (Media) [] []
[2024-08-25 13:48:26] merlin-logger.DEBUG: Post 2576 remapped to 2576 [] []
[2024-08-25 13:48:27] merlin-logger.INFO: Imported "12" (Media) [] []
[2024-08-25 13:48:27] merlin-logger.DEBUG: Post 2577 remapped to 2577 [] []
[2024-08-25 13:48:27] merlin-logger.INFO: Imported "17" (Media) [] []
[2024-08-25 13:48:27] merlin-logger.DEBUG: Post 2578 remapped to 2578 [] []
[2024-08-25 13:48:28] merlin-logger.INFO: Imported "about" (Media) [] []
[2024-08-25 13:48:28] merlin-logger.DEBUG: Post 2603 remapped to 2603 [] []
[2024-08-25 13:48:28] merlin-logger.INFO: Imported "collage01" (Media) [] []
[2024-08-25 13:48:28] merlin-logger.DEBUG: Post 2661 remapped to 2661 [] []
[2024-08-25 13:48:29] merlin-logger.INFO: Imported "collage02" (Media) [] []
[2024-08-25 13:48:29] merlin-logger.DEBUG: Post 2662 remapped to 2662 [] []
[2024-08-25 13:48:29] merlin-logger.INFO: Imported "collage03" (Media) [] []
[2024-08-25 13:48:29] merlin-logger.DEBUG: Post 2663 remapped to 2663 [] []
[2024-08-25 13:48:30] merlin-logger.INFO: Imported "collage04" (Media) [] []
[2024-08-25 13:48:30] merlin-logger.DEBUG: Post 2664 remapped to 2664 [] []
[2024-08-25 13:48:30] merlin-logger.INFO: Imported "collage05" (Media) [] []
[2024-08-25 13:48:30] merlin-logger.DEBUG: Post 2665 remapped to 2665 [] []
[2024-08-25 13:48:31] merlin-logger.INFO: Imported "collage06" (Media) [] []
[2024-08-25 13:48:31] merlin-logger.DEBUG: Post 2666 remapped to 2666 [] []
[2024-08-25 13:48:31] merlin-logger.INFO: Imported "collage07" (Media) [] []
[2024-08-25 13:48:31] merlin-logger.DEBUG: Post 2667 remapped to 2667 [] []
[2024-08-25 13:48:32] merlin-logger.INFO: Imported "image01" (Media) [] []
[2024-08-25 13:48:32] merlin-logger.DEBUG: Post 2668 remapped to 2668 [] []
[2024-08-25 13:48:32] merlin-logger.INFO: Imported "image02" (Media) [] []
[2024-08-25 13:48:32] merlin-logger.DEBUG: Post 2669 remapped to 2669 [] []
[2024-08-25 13:48:32] merlin-logger.INFO: Imported "image03" (Media) [] []
[2024-08-25 13:48:32] merlin-logger.DEBUG: Post 2670 remapped to 2670 [] []
[2024-08-25 13:48:33] merlin-logger.INFO: Imported "image04" (Media) [] []
[2024-08-25 13:48:33] merlin-logger.DEBUG: Post 2671 remapped to 2671 [] []
[2024-08-25 13:48:33] merlin-logger.INFO: New AJAX call! [] []
[2024-08-25 13:48:34] merlin-logger.INFO: The content import AJAX call will be executed with this import data {"title":"Content","data":"E:\\xampp\\htdocs\\wordpress/wp-content/uploads/2024/08/content-2024-08-25__13-47-49.xml"} []
[2024-08-25 13:48:35] merlin-logger.INFO: Imported "pinned01" (Media) [] []
[2024-08-25 13:48:35] merlin-logger.DEBUG: Post 2672 remapped to 2672 [] []
[2024-08-25 13:48:35] merlin-logger.INFO: Imported "pinned02" (Media) [] []
[2024-08-25 13:48:35] merlin-logger.DEBUG: Post 2673 remapped to 2673 [] []
[2024-08-25 13:48:36] merlin-logger.INFO: Imported "studio04" (Media) [] []
[2024-08-25 13:48:36] merlin-logger.DEBUG: Post 2788 remapped to 2788 [] []
[2024-08-25 13:48:37] merlin-logger.INFO: Imported "studio01" (Media) [] []
[2024-08-25 13:48:37] merlin-logger.DEBUG: Post 2789 remapped to 2789 [] []
[2024-08-25 13:48:37] merlin-logger.INFO: Imported "studio02" (Media) [] []
[2024-08-25 13:48:37] merlin-logger.DEBUG: Post 2790 remapped to 2790 [] []
[2024-08-25 13:48:38] merlin-logger.INFO: Imported "studio03" (Media) [] []
[2024-08-25 13:48:38] merlin-logger.DEBUG: Post 2791 remapped to 2791 [] []
[2024-08-25 13:48:39] merlin-logger.INFO: Imported "studio01" (Media) [] []
[2024-08-25 13:48:39] merlin-logger.DEBUG: Post 2804 remapped to 2804 [] []
[2024-08-25 13:48:39] merlin-logger.INFO: Imported "studio02" (Media) [] []
[2024-08-25 13:48:39] merlin-logger.DEBUG: Post 2805 remapped to 2805 [] []
[2024-08-25 13:48:40] merlin-logger.INFO: Imported "studio03" (Media) [] []
[2024-08-25 13:48:40] merlin-logger.DEBUG: Post 2806 remapped to 2806 [] []
[2024-08-25 13:48:41] merlin-logger.INFO: Imported "studio04" (Media) [] []
[2024-08-25 13:48:41] merlin-logger.DEBUG: Post 2810 remapped to 2810 [] []
[2024-08-25 13:48:42] merlin-logger.INFO: Imported "team1" (Media) [] []
[2024-08-25 13:48:42] merlin-logger.DEBUG: Post 2843 remapped to 2843 [] []
[2024-08-25 13:48:42] merlin-logger.INFO: Imported "team2" (Media) [] []
[2024-08-25 13:48:42] merlin-logger.DEBUG: Post 2844 remapped to 2844 [] []
[2024-08-25 13:48:43] merlin-logger.INFO: Imported "team3" (Media) [] []
[2024-08-25 13:48:43] merlin-logger.DEBUG: Post 2848 remapped to 2848 [] []
[2024-08-25 13:48:44] merlin-logger.INFO: Imported "team4" (Media) [] []
[2024-08-25 13:48:44] merlin-logger.DEBUG: Post 2849 remapped to 2849 [] []
[2024-08-25 13:48:44] merlin-logger.INFO: Imported "client-01" (Media) [] []
[2024-08-25 13:48:44] merlin-logger.DEBUG: Post 2871 remapped to 2871 [] []
[2024-08-25 13:48:45] merlin-logger.INFO: Imported "client-01-black" (Media) [] []
[2024-08-25 13:48:45] merlin-logger.DEBUG: Post 2872 remapped to 2872 [] []
[2024-08-25 13:48:45] merlin-logger.INFO: Imported "Default Kit" (Template) [] []
[2024-08-25 13:48:45] merlin-logger.DEBUG: Post 5 remapped to 2873 [] []
[2024-08-25 13:48:45] merlin-logger.INFO: Imported "" (Navigation Menu Item) [] []
[2024-08-25 13:48:45] merlin-logger.DEBUG: Post 2580 remapped to 2580 [] []
[2024-08-25 13:48:45] merlin-logger.DEBUG: Processing menu item post_type [] []
[2024-08-25 13:48:45] merlin-logger.INFO: Imported "" (Navigation Menu Item) [] []
[2024-08-25 13:48:45] merlin-logger.DEBUG: Post 2581 remapped to 2581 [] []
[2024-08-25 13:48:46] merlin-logger.DEBUG: Processing menu item post_type [] []
[2024-08-25 13:48:46] merlin-logger.INFO: Imported "" (Navigation Menu Item) [] []
[2024-08-25 13:48:46] merlin-logger.DEBUG: Post 2582 remapped to 2582 [] []
[2024-08-25 13:48:46] merlin-logger.DEBUG: Processing menu item post_type [] []
[2024-08-25 13:49:00] merlin-logger.INFO: Imported "client-02" (Media) [] []
[2024-08-25 13:49:00] merlin-logger.DEBUG: Post 2873 remapped to 2874 [] []
[2024-08-25 13:49:00] merlin-logger.INFO: New AJAX call! [] []
[2024-08-25 13:49:01] merlin-logger.INFO: The content import AJAX call will be executed with this import data {"title":"Content","data":"E:\\xampp\\htdocs\\wordpress/wp-content/uploads/2024/08/content-2024-08-25__13-47-49.xml"} []
[2024-08-25 13:49:02] merlin-logger.INFO: Imported "client-02-black" (Media) [] []
[2024-08-25 13:49:02] merlin-logger.DEBUG: Post 2874 remapped to 2875 [] []
[2024-08-25 13:49:02] merlin-logger.INFO: Imported "client-03" (Media) [] []
[2024-08-25 13:49:02] merlin-logger.DEBUG: Post 2875 remapped to 2876 [] []
[2024-08-25 13:49:02] merlin-logger.INFO: Imported "client-03-black" (Media) [] []
[2024-08-25 13:49:02] merlin-logger.DEBUG: Post 2876 remapped to 2877 [] []
[2024-08-25 13:49:03] merlin-logger.INFO: Imported "client-04" (Media) [] []
[2024-08-25 13:49:03] merlin-logger.DEBUG: Post 2877 remapped to 2878 [] []
[2024-08-25 13:49:03] merlin-logger.INFO: Imported "client-04-black" (Media) [] []
[2024-08-25 13:49:03] merlin-logger.DEBUG: Post 2879 remapped to 2879 [] []
[2024-08-25 13:49:03] merlin-logger.INFO: Imported "client-05" (Media) [] []
[2024-08-25 13:49:03] merlin-logger.DEBUG: Post 2880 remapped to 2880 [] []
[2024-08-25 13:49:04] merlin-logger.INFO: Imported "client-05-black" (Media) [] []
[2024-08-25 13:49:04] merlin-logger.DEBUG: Post 2881 remapped to 2881 [] []
[2024-08-25 13:49:04] merlin-logger.INFO: Imported "client-06" (Media) [] []
[2024-08-25 13:49:04] merlin-logger.DEBUG: Post 2882 remapped to 2882 [] []
[2024-08-25 13:49:04] merlin-logger.INFO: Imported "client-06-black" (Media) [] []
[2024-08-25 13:49:04] merlin-logger.DEBUG: Post 2883 remapped to 2883 [] []
[2024-08-25 13:49:05] merlin-logger.INFO: Imported "client-07" (Media) [] []
[2024-08-25 13:49:05] merlin-logger.DEBUG: Post 2884 remapped to 2884 [] []
[2024-08-25 13:49:05] merlin-logger.INFO: Imported "client-07-black" (Media) [] []
[2024-08-25 13:49:05] merlin-logger.DEBUG: Post 2885 remapped to 2885 [] []
[2024-08-25 13:49:05] merlin-logger.INFO: Imported "client-08" (Media) [] []
[2024-08-25 13:49:05] merlin-logger.DEBUG: Post 2886 remapped to 2886 [] []
[2024-08-25 13:49:06] merlin-logger.INFO: Imported "client-08-black" (Media) [] []
[2024-08-25 13:49:06] merlin-logger.DEBUG: Post 2887 remapped to 2887 [] []
[2024-08-25 13:49:06] merlin-logger.INFO: Imported "favicon" (Media) [] []
[2024-08-25 13:49:06] merlin-logger.DEBUG: Post 2937 remapped to 2937 [] []
[2024-08-25 13:49:06] merlin-logger.INFO: Imported "cropped-favicon.png" (Media) [] []
[2024-08-25 13:49:06] merlin-logger.DEBUG: Post 2938 remapped to 2938 [] []
[2024-08-25 13:49:06] merlin-logger.INFO: Imported "Sample Page" (Page) [] []
[2024-08-25 13:49:06] merlin-logger.DEBUG: Post 2 remapped to 2939 [] []
[2024-08-25 13:49:07] merlin-logger.INFO: Imported "Privacy Policy" (Page) [] []
[2024-08-25 13:49:07] merlin-logger.DEBUG: Post 3 remapped to 2940 [] []
[2024-08-25 13:49:07] merlin-logger.INFO: Imported "Showcase Carousel" (Page) [] []
[2024-08-25 13:49:07] merlin-logger.DEBUG: Post 64 remapped to 64 [] []
[2024-08-25 13:49:07] merlin-logger.INFO: Imported "Showcase Grid" (Page) [] []
[2024-08-25 13:49:07] merlin-logger.DEBUG: Post 66 remapped to 66 [] []
[2024-08-25 13:49:08] merlin-logger.INFO: Imported "Showcase Slider" (Page) [] []
[2024-08-25 13:49:08] merlin-logger.DEBUG: Post 68 remapped to 68 [] []
[2024-08-25 13:49:09] merlin-logger.INFO: Imported "Showcase List" (Page) [] []
[2024-08-25 13:49:09] merlin-logger.DEBUG: Post 70 remapped to 70 [] []
[2024-08-25 13:49:09] merlin-logger.INFO: Imported "Showcase Reverse" (Page) [] []
[2024-08-25 13:49:09] merlin-logger.DEBUG: Post 72 remapped to 72 [] []
[2024-08-25 13:49:10] merlin-logger.INFO: Imported "Showcase Gallery" (Page) [] []
[2024-08-25 13:49:10] merlin-logger.DEBUG: Post 2561 remapped to 2561 [] []
[2024-08-25 13:49:10] merlin-logger.INFO: Imported "About" (Page) [] []
[2024-08-25 13:49:10] merlin-logger.DEBUG: Post 2564 remapped to 2564 [] []
[2024-08-25 13:49:12] merlin-logger.INFO: Imported "" (Navigation Menu Item) [] []
[2024-08-25 13:49:12] merlin-logger.DEBUG: Post 2584 remapped to 2584 [] []
[2024-08-25 13:49:12] merlin-logger.DEBUG: Processing menu item post_type [] []
[2024-08-25 13:49:12] merlin-logger.INFO: Imported "" (Navigation Menu Item) [] []
[2024-08-25 13:49:12] merlin-logger.DEBUG: Post 2585 remapped to 2585 [] []
[2024-08-25 13:49:13] merlin-logger.DEBUG: Processing menu item post_type [] []
[2024-08-25 13:49:13] merlin-logger.DEBUG: Menu item 64 mapped to 64 [] []
[2024-08-25 13:49:13] merlin-logger.INFO: Imported "" (Navigation Menu Item) [] []
[2024-08-25 13:49:13] merlin-logger.DEBUG: Post 2586 remapped to 2586 [] []
[2024-08-25 13:49:13] merlin-logger.DEBUG: Processing menu item post_type [] []
[2024-08-25 13:49:13] merlin-logger.DEBUG: Menu item 2561 mapped to 2561 [] []
[2024-08-25 13:49:13] merlin-logger.INFO: Imported "" (Navigation Menu Item) [] []
[2024-08-25 13:49:13] merlin-logger.DEBUG: Post 2587 remapped to 2587 [] []
[2024-08-25 13:49:13] merlin-logger.DEBUG: Processing menu item post_type [] []
[2024-08-25 13:49:13] merlin-logger.DEBUG: Menu item 66 mapped to 66 [] []
[2024-08-25 13:49:13] merlin-logger.INFO: Imported "" (Navigation Menu Item) [] []
[2024-08-25 13:49:13] merlin-logger.DEBUG: Post 2588 remapped to 2588 [] []
[2024-08-25 13:49:14] merlin-logger.DEBUG: Processing menu item post_type [] []
[2024-08-25 13:49:14] merlin-logger.DEBUG: Menu item 70 mapped to 70 [] []
[2024-08-25 13:49:14] merlin-logger.INFO: Imported "" (Navigation Menu Item) [] []
[2024-08-25 13:49:14] merlin-logger.DEBUG: Post 2589 remapped to 2589 [] []
[2024-08-25 13:49:14] merlin-logger.DEBUG: Processing menu item post_type [] []
[2024-08-25 13:49:14] merlin-logger.DEBUG: Menu item 72 mapped to 72 [] []
[2024-08-25 13:49:14] merlin-logger.INFO: Imported "" (Navigation Menu Item) [] []
[2024-08-25 13:49:14] merlin-logger.DEBUG: Post 2590 remapped to 2590 [] []
[2024-08-25 13:49:14] merlin-logger.DEBUG: Processing menu item post_type [] []
[2024-08-25 13:49:14] merlin-logger.DEBUG: Menu item 68 mapped to 68 [] []
[2024-08-25 13:49:14] merlin-logger.INFO: Imported "" (Navigation Menu Item) [] []
[2024-08-25 13:49:14] merlin-logger.DEBUG: Post 2591 remapped to 2591 [] []
[2024-08-25 13:49:15] merlin-logger.DEBUG: Processing menu item post_type [] []
[2024-08-25 13:49:15] merlin-logger.INFO: Imported "Portfolio" (Navigation Menu Item) [] []
[2024-08-25 13:49:15] merlin-logger.DEBUG: Post 2592 remapped to 2592 [] []
[2024-08-25 13:49:15] merlin-logger.DEBUG: Processing menu item custom [] []
[2024-08-25 13:49:15] merlin-logger.DEBUG: Menu item 2592 mapped to 2592 [] []
[2024-08-25 13:49:15] merlin-logger.INFO: Imported "More" (Navigation Menu Item) [] []
[2024-08-25 13:49:15] merlin-logger.DEBUG: Post 2594 remapped to 2594 [] []
[2024-08-25 13:49:15] merlin-logger.DEBUG: Processing menu item custom [] []
[2024-08-25 13:49:15] merlin-logger.DEBUG: Menu item 2594 mapped to 2594 [] []
[2024-08-25 13:49:15] merlin-logger.INFO: Imported "" (Navigation Menu Item) [] []
[2024-08-25 13:49:15] merlin-logger.DEBUG: Post 2601 remapped to 2601 [] []
[2024-08-25 13:49:16] merlin-logger.DEBUG: Processing menu item post_type [] []
[2024-08-25 13:49:16] merlin-logger.INFO: Imported "Contact form 1" (Contact Form) [] []
[2024-08-25 13:49:16] merlin-logger.DEBUG: Post 6 remapped to 6 [] []
[2024-08-25 13:49:16] merlin-logger.INFO: Imported "Hello world!" (Post) [] []
[2024-08-25 13:49:16] merlin-logger.DEBUG: Post 74 remapped to 74 [] []
[2024-08-25 13:49:17] merlin-logger.INFO: Imported "Endless Road Stories" (Post) [] []
[2024-08-25 13:49:17] merlin-logger.DEBUG: Post 2551 remapped to 2551 [] []
[2024-08-25 13:49:18] merlin-logger.INFO: Imported "Blonde Surf Girl" (Post) [] []
[2024-08-25 13:49:18] merlin-logger.DEBUG: Post 2553 remapped to 2553 [] []
[2024-08-25 13:49:19] merlin-logger.INFO: Imported "Bird Eye Shots" (Post) [] []
[2024-08-25 13:49:19] merlin-logger.DEBUG: Post 2555 remapped to 2555 [] []
[2024-08-25 13:49:20] merlin-logger.INFO: Imported "Desert Treasure Hunt" (Post) [] []
[2024-08-25 13:49:20] merlin-logger.DEBUG: Post 2557 remapped to 2557 [] []
[2024-08-25 13:49:21] merlin-logger.INFO: Imported "Blue Ocean Waves" (Post) [] []
[2024-08-25 13:49:21] merlin-logger.DEBUG: Post 2559 remapped to 2559 [] []
[2024-08-25 13:49:22] merlin-logger.INFO: New AJAX call! [] []
[2024-08-25 13:49:24] merlin-logger.INFO: The content import AJAX call will be executed with this import data {"title":"Content","data":"E:\\xampp\\htdocs\\wordpress/wp-content/uploads/2024/08/content-2024-08-25__13-47-49.xml"} []
[2024-08-25 13:49:24] merlin-logger.INFO: Imported "Contact" (Page) [] []
[2024-08-25 13:49:24] merlin-logger.DEBUG: Post 2566 remapped to 2566 [] []
[2024-08-25 13:49:25] merlin-logger.INFO: Imported "Typography" (Page) [] []
[2024-08-25 13:49:25] merlin-logger.DEBUG: Post 2568 remapped to 2568 [] []
[2024-08-25 13:49:26] merlin-logger.INFO: Imported "Multimedia" (Page) [] []
[2024-08-25 13:49:26] merlin-logger.DEBUG: Post 2570 remapped to 2570 [] []
[2024-08-25 13:49:27] merlin-logger.INFO: Imported "Shortcodes" (Page) [] []
[2024-08-25 13:49:27] merlin-logger.DEBUG: Post 2572 remapped to 2572 [] []
[2024-08-25 13:49:28] merlin-logger.INFO: Imported "Stories" (Page) [] []
[2024-08-25 13:49:28] merlin-logger.DEBUG: Post 2598 remapped to 2598 [] []
[2024-08-25 13:49:29] merlin-logger.INFO: Imported "Audio Speaker" (Portfolio) [] []
[2024-08-25 13:49:29] merlin-logger.DEBUG: Post 2602 remapped to 2602 [] []
[2024-08-25 13:49:31] merlin-logger.INFO: Imported "Cast Craft" (Portfolio) [] []
[2024-08-25 13:49:31] merlin-logger.DEBUG: Post 2604 remapped to 2604 [] []
[2024-08-25 13:49:31] merlin-logger.INFO: Imported "Organic Earth" (Portfolio) [] []
[2024-08-25 13:49:31] merlin-logger.DEBUG: Post 2605 remapped to 2605 [] []
[2024-08-25 13:49:33] merlin-logger.INFO: Imported "Liberty" (Portfolio) [] []
[2024-08-25 13:49:33] merlin-logger.DEBUG: Post 2606 remapped to 2606 [] []
[2024-08-25 13:49:33] merlin-logger.INFO: Imported "Urban Art" (Portfolio) [] []
[2024-08-25 13:49:33] merlin-logger.DEBUG: Post 2607 remapped to 2607 [] []
[2024-08-25 13:49:34] merlin-logger.INFO: Imported "Black Tools" (Portfolio) [] []
[2024-08-25 13:49:34] merlin-logger.DEBUG: Post 2608 remapped to 2608 [] []
[2024-08-25 13:49:35] merlin-logger.INFO: Imported "Squeeze" (Portfolio) [] []
[2024-08-25 13:49:35] merlin-logger.DEBUG: Post 2609 remapped to 2609 [] []
[2024-08-25 13:49:36] merlin-logger.INFO: Imported "Green Leafs" (Portfolio) [] []
[2024-08-25 13:49:36] merlin-logger.DEBUG: Post 2610 remapped to 2610 [] []
[2024-08-25 13:49:37] merlin-logger.DEBUG: Running post-processing for post 13 [] []
[2024-08-25 13:49:37] merlin-logger.WARNING: Could not find the author for "01hero" (post #13) [] []
[2024-08-25 13:49:37] merlin-logger.DEBUG: Post 13 was imported with author "root", but could not be found [] []
[2024-08-25 13:49:37] merlin-logger.DEBUG: Post 13 was marked for post-processing, but none was required. [] []
[2024-08-25 13:49:37] merlin-logger.DEBUG: Running post-processing for post 14 [] []
[2024-08-25 13:49:37] merlin-logger.WARNING: Could not find the author for "02hero" (post #14) [] []
[2024-08-25 13:49:37] merlin-logger.DEBUG: Post 14 was imported with author "root", but could not be found [] []
[2024-08-25 13:49:37] merlin-logger.DEBUG: Post 14 was marked for post-processing, but none was required. [] []
[2024-08-25 13:49:37] merlin-logger.DEBUG: Running post-processing for post 15 [] []
[2024-08-25 13:49:37] merlin-logger.WARNING: Could not find the author for "03hero" (post #15) [] []
[2024-08-25 13:49:37] merlin-logger.DEBUG: Post 15 was imported with author "root", but could not be found [] []
[2024-08-25 13:49:37] merlin-logger.DEBUG: Post 15 was marked for post-processing, but none was required. [] []
[2024-08-25 13:49:37] merlin-logger.DEBUG: Running post-processing for post 16 [] []
[2024-08-25 13:49:37] merlin-logger.WARNING: Could not find the author for "04hero" (post #16) [] []
[2024-08-25 13:49:37] merlin-logger.DEBUG: Post 16 was imported with author "root", but could not be found [] []
[2024-08-25 13:49:37] merlin-logger.DEBUG: Post 16 was marked for post-processing, but none was required. [] []
[2024-08-25 13:49:37] merlin-logger.DEBUG: Running post-processing for post 11 [] []
[2024-08-25 13:49:37] merlin-logger.WARNING: Could not find the author for "05hero" (post #11) [] []
[2024-08-25 13:49:37] merlin-logger.DEBUG: Post 11 was imported with author "root", but could not be found [] []
[2024-08-25 13:49:37] merlin-logger.DEBUG: Post 11 was marked for post-processing, but none was required. [] []
[2024-08-25 13:49:37] merlin-logger.DEBUG: Running post-processing for post 17 [] []
[2024-08-25 13:49:37] merlin-logger.WARNING: Could not find the author for "06hero" (post #17) [] []
[2024-08-25 13:49:37] merlin-logger.DEBUG: Post 17 was imported with author "root", but could not be found [] []
[2024-08-25 13:49:37] merlin-logger.DEBUG: Post 17 was marked for post-processing, but none was required. [] []
[2024-08-25 13:49:37] merlin-logger.DEBUG: Running post-processing for post 18 [] []
[2024-08-25 13:49:37] merlin-logger.WARNING: Could not find the author for "07hero" (post #18) [] []
[2024-08-25 13:49:37] merlin-logger.DEBUG: Post 18 was imported with author "root", but could not be found [] []
[2024-08-25 13:49:37] merlin-logger.DEBUG: Post 18 was marked for post-processing, but none was required. [] []
[2024-08-25 13:49:37] merlin-logger.DEBUG: Running post-processing for post 19 [] []
[2024-08-25 13:49:37] merlin-logger.WARNING: Could not find the author for "08hero" (post #19) [] []
[2024-08-25 13:49:37] merlin-logger.DEBUG: Post 19 was imported with author "root", but could not be found [] []
[2024-08-25 13:49:37] merlin-logger.DEBUG: Post 19 was marked for post-processing, but none was required. [] []
[2024-08-25 13:49:37] merlin-logger.DEBUG: Running post-processing for post 21 [] []
[2024-08-25 13:49:37] merlin-logger.WARNING: Could not find the author for "audio01" (post #21) [] []
[2024-08-25 13:49:37] merlin-logger.DEBUG: Post 21 was imported with author "root", but could not be found [] []
[2024-08-25 13:49:37] merlin-logger.DEBUG: Post 21 was marked for post-processing, but none was required. [] []
[2024-08-25 13:49:37] merlin-logger.DEBUG: Running post-processing for post 22 [] []
[2024-08-25 13:49:37] merlin-logger.WARNING: Could not find the author for "audio02" (post #22) [] []
[2024-08-25 13:49:37] merlin-logger.DEBUG: Post 22 was imported with author "root", but could not be found [] []
[2024-08-25 13:49:37] merlin-logger.DEBUG: Post 22 was marked for post-processing, but none was required. [] []
[2024-08-25 13:49:37] merlin-logger.DEBUG: Running post-processing for post 23 [] []
[2024-08-25 13:49:37] merlin-logger.WARNING: Could not find the author for "audio03" (post #23) [] []
[2024-08-25 13:49:37] merlin-logger.DEBUG: Post 23 was imported with author "root", but could not be found [] []
[2024-08-25 13:49:37] merlin-logger.DEBUG: Post 23 was marked for post-processing, but none was required. [] []
[2024-08-25 13:49:37] merlin-logger.DEBUG: Running post-processing for post 24 [] []
[2024-08-25 13:49:37] merlin-logger.WARNING: Could not find the author for "cast01" (post #24) [] []
[2024-08-25 13:49:37] merlin-logger.DEBUG: Post 24 was imported with author "root", but could not be found [] []
[2024-08-25 13:49:37] merlin-logger.DEBUG: Post 24 was marked for post-processing, but none was required. [] []
[2024-08-25 13:49:37] merlin-logger.DEBUG: Running post-processing for post 25 [] []
[2024-08-25 13:49:37] merlin-logger.WARNING: Could not find the author for "cast02" (post #25) [] []
[2024-08-25 13:49:37] merlin-logger.DEBUG: Post 25 was imported with author "root", but could not be found [] []
[2024-08-25 13:49:37] merlin-logger.DEBUG: Post 25 was marked for post-processing, but none was required. [] []
[2024-08-25 13:49:37] merlin-logger.DEBUG: Running post-processing for post 26 [] []
[2024-08-25 13:49:37] merlin-logger.WARNING: Could not find the author for "cast03" (post #26) [] []
[2024-08-25 13:49:37] merlin-logger.DEBUG: Post 26 was imported with author "root", but could not be found [] []
[2024-08-25 13:49:37] merlin-logger.DEBUG: Post 26 was marked for post-processing, but none was required. [] []
[2024-08-25 13:49:37] merlin-logger.DEBUG: Running post-processing for post 27 [] []
[2024-08-25 13:49:37] merlin-logger.WARNING: Could not find the author for "cast04" (post #27) [] []
[2024-08-25 13:49:37] merlin-logger.DEBUG: Post 27 was imported with author "root", but could not be found [] []
[2024-08-25 13:49:37] merlin-logger.DEBUG: Post 27 was marked for post-processing, but none was required. [] []
[2024-08-25 13:49:37] merlin-logger.DEBUG: Running post-processing for post 28 [] []
[2024-08-25 13:49:37] merlin-logger.WARNING: Could not find the author for "cast05" (post #28) [] []
[2024-08-25 13:49:37] merlin-logger.DEBUG: Post 28 was imported with author "root", but could not be found [] []
[2024-08-25 13:49:37] merlin-logger.DEBUG: Post 28 was marked for post-processing, but none was required. [] []
[2024-08-25 13:49:37] merlin-logger.DEBUG: Running post-processing for post 29 [] []
[2024-08-25 13:49:37] merlin-logger.WARNING: Could not find the author for "cast06" (post #29) [] []
[2024-08-25 13:49:37] merlin-logger.DEBUG: Post 29 was imported with author "root", but could not be found [] []
[2024-08-25 13:49:37] merlin-logger.DEBUG: Post 29 was marked for post-processing, but none was required. [] []
[2024-08-25 13:49:37] merlin-logger.DEBUG: Running post-processing for post 30 [] []
[2024-08-25 13:49:37] merlin-logger.WARNING: Could not find the author for "leafs01" (post #30) [] []
[2024-08-25 13:49:37] merlin-logger.DEBUG: Post 30 was imported with author "root", but could not be found [] []
[2024-08-25 13:49:37] merlin-logger.DEBUG: Post 30 was marked for post-processing, but none was required. [] []
[2024-08-25 13:49:37] merlin-logger.DEBUG: Running post-processing for post 31 [] []
[2024-08-25 13:49:37] merlin-logger.WARNING: Could not find the author for "leafs02" (post #31) [] []
[2024-08-25 13:49:37] merlin-logger.DEBUG: Post 31 was imported with author "root", but could not be found [] []
[2024-08-25 13:49:37] merlin-logger.DEBUG: Post 31 was marked for post-processing, but none was required. [] []
[2024-08-25 13:49:37] merlin-logger.DEBUG: Running post-processing for post 32 [] []
[2024-08-25 13:49:37] merlin-logger.WARNING: Could not find the author for "leafs03" (post #32) [] []
[2024-08-25 13:49:37] merlin-logger.DEBUG: Post 32 was imported with author "root", but could not be found [] []
[2024-08-25 13:49:37] merlin-logger.DEBUG: Post 32 was marked for post-processing, but none was required. [] []
[2024-08-25 13:49:37] merlin-logger.DEBUG: Running post-processing for post 33 [] []
[2024-08-25 13:49:37] merlin-logger.WARNING: Could not find the author for "liberty01" (post #33) [] []
[2024-08-25 13:49:37] merlin-logger.DEBUG: Post 33 was imported with author "root", but could not be found [] []
[2024-08-25 13:49:37] merlin-logger.DEBUG: Post 33 was marked for post-processing, but none was required. [] []
[2024-08-25 13:49:37] merlin-logger.DEBUG: Running post-processing for post 35 [] []
[2024-08-25 13:49:37] merlin-logger.WARNING: Could not find the author for "liberty02" (post #35) [] []
[2024-08-25 13:49:37] merlin-logger.DEBUG: Post 35 was imported with author "root", but could not be found [] []
[2024-08-25 13:49:37] merlin-logger.DEBUG: Post 35 was marked for post-processing, but none was required. [] []
[2024-08-25 13:49:37] merlin-logger.DEBUG: Running post-processing for post 36 [] []
[2024-08-25 13:49:37] merlin-logger.WARNING: Could not find the author for "liberty03" (post #36) [] []
[2024-08-25 13:49:37] merlin-logger.DEBUG: Post 36 was imported with author "root", but could not be found [] []
[2024-08-25 13:49:37] merlin-logger.DEBUG: Post 36 was marked for post-processing, but none was required. [] []
[2024-08-25 13:49:37] merlin-logger.DEBUG: Running post-processing for post 37 [] []
[2024-08-25 13:49:37] merlin-logger.WARNING: Could not find the author for "liberty04" (post #37) [] []
[2024-08-25 13:49:37] merlin-logger.DEBUG: Post 37 was imported with author "root", but could not be found [] []
[2024-08-25 13:49:37] merlin-logger.DEBUG: Post 37 was marked for post-processing, but none was required. [] []
[2024-08-25 13:49:37] merlin-logger.DEBUG: Running post-processing for post 38 [] []
[2024-08-25 13:49:37] merlin-logger.WARNING: Could not find the author for "liberty05" (post #38) [] []
[2024-08-25 13:49:37] merlin-logger.DEBUG: Post 38 was imported with author "root", but could not be found [] []
[2024-08-25 13:49:37] merlin-logger.DEBUG: Post 38 was marked for post-processing, but none was required. [] []
[2024-08-25 13:49:37] merlin-logger.DEBUG: Running post-processing for post 39 [] []
[2024-08-25 13:49:37] merlin-logger.WARNING: Could not find the author for "organic01" (post #39) [] []
[2024-08-25 13:49:37] merlin-logger.DEBUG: Post 39 was imported with author "root", but could not be found [] []
[2024-08-25 13:49:37] merlin-logger.DEBUG: Post 39 was marked for post-processing, but none was required. [] []
[2024-08-25 13:49:37] merlin-logger.DEBUG: Running post-processing for post 40 [] []
[2024-08-25 13:49:37] merlin-logger.WARNING: Could not find the author for "organic03" (post #40) [] []
[2024-08-25 13:49:37] merlin-logger.DEBUG: Post 40 was imported with author "root", but could not be found [] []
[2024-08-25 13:49:37] merlin-logger.DEBUG: Post 40 was marked for post-processing, but none was required. [] []
[2024-08-25 13:49:37] merlin-logger.DEBUG: Running post-processing for post 41 [] []
[2024-08-25 13:49:37] merlin-logger.WARNING: Could not find the author for "organic04" (post #41) [] []
[2024-08-25 13:49:37] merlin-logger.DEBUG: Post 41 was imported with author "root", but could not be found [] []
[2024-08-25 13:49:37] merlin-logger.DEBUG: Post 41 was marked for post-processing, but none was required. [] []
[2024-08-25 13:49:37] merlin-logger.DEBUG: Running post-processing for post 42 [] []
[2024-08-25 13:49:37] merlin-logger.WARNING: Could not find the author for "squeeze01" (post #42) [] []
[2024-08-25 13:49:37] merlin-logger.DEBUG: Post 42 was imported with author "root", but could not be found [] []
[2024-08-25 13:49:37] merlin-logger.DEBUG: Post 42 was marked for post-processing, but none was required. [] []
[2024-08-25 13:49:37] merlin-logger.DEBUG: Running post-processing for post 43 [] []
[2024-08-25 13:49:37] merlin-logger.WARNING: Could not find the author for "squeeze02" (post #43) [] []
[2024-08-25 13:49:37] merlin-logger.DEBUG: Post 43 was imported with author "root", but could not be found [] []
[2024-08-25 13:49:37] merlin-logger.DEBUG: Post 43 was marked for post-processing, but none was required. [] []
[2024-08-25 13:49:37] merlin-logger.DEBUG: Running post-processing for post 44 [] []
[2024-08-25 13:49:37] merlin-logger.WARNING: Could not find the author for "squeeze03" (post #44) [] []
[2024-08-25 13:49:37] merlin-logger.DEBUG: Post 44 was imported with author "root", but could not be found [] []
[2024-08-25 13:49:37] merlin-logger.DEBUG: Post 44 was marked for post-processing, but none was required. [] []
[2024-08-25 13:49:37] merlin-logger.DEBUG: Running post-processing for post 45 [] []
[2024-08-25 13:49:37] merlin-logger.WARNING: Could not find the author for "squeeze04" (post #45) [] []
[2024-08-25 13:49:37] merlin-logger.DEBUG: Post 45 was imported with author "root", but could not be found [] []
[2024-08-25 13:49:37] merlin-logger.DEBUG: Post 45 was marked for post-processing, but none was required. [] []
[2024-08-25 13:49:37] merlin-logger.DEBUG: Running post-processing for post 46 [] []
[2024-08-25 13:49:37] merlin-logger.WARNING: Could not find the author for "squeeze05" (post #46) [] []
[2024-08-25 13:49:37] merlin-logger.DEBUG: Post 46 was imported with author "root", but could not be found [] []
[2024-08-25 13:49:37] merlin-logger.DEBUG: Post 46 was marked for post-processing, but none was required. [] []
[2024-08-25 13:49:37] merlin-logger.DEBUG: Running post-processing for post 47 [] []
[2024-08-25 13:49:37] merlin-logger.WARNING: Could not find the author for "squeeze06" (post #47) [] []
[2024-08-25 13:49:37] merlin-logger.DEBUG: Post 47 was imported with author "root", but could not be found [] []
[2024-08-25 13:49:37] merlin-logger.DEBUG: Post 47 was marked for post-processing, but none was required. [] []
[2024-08-25 13:49:37] merlin-logger.DEBUG: Running post-processing for post 48 [] []
[2024-08-25 13:49:37] merlin-logger.WARNING: Could not find the author for "squeeze07" (post #48) [] []
[2024-08-25 13:49:37] merlin-logger.DEBUG: Post 48 was imported with author "root", but could not be found [] []
[2024-08-25 13:49:37] merlin-logger.DEBUG: Post 48 was marked for post-processing, but none was required. [] []
[2024-08-25 13:49:37] merlin-logger.DEBUG: Running post-processing for post 49 [] []
[2024-08-25 13:49:37] merlin-logger.WARNING: Could not find the author for "squeeze08" (post #49) [] []
[2024-08-25 13:49:37] merlin-logger.DEBUG: Post 49 was imported with author "root", but could not be found [] []
[2024-08-25 13:49:37] merlin-logger.DEBUG: Post 49 was marked for post-processing, but none was required. [] []
[2024-08-25 13:49:37] merlin-logger.DEBUG: Running post-processing for post 50 [] []
[2024-08-25 13:49:37] merlin-logger.WARNING: Could not find the author for "tools01" (post #50) [] []
[2024-08-25 13:49:37] merlin-logger.DEBUG: Post 50 was imported with author "root", but could not be found [] []
[2024-08-25 13:49:37] merlin-logger.DEBUG: Post 50 was marked for post-processing, but none was required. [] []
[2024-08-25 13:49:37] merlin-logger.DEBUG: Running post-processing for post 51 [] []
[2024-08-25 13:49:37] merlin-logger.WARNING: Could not find the author for "tools02" (post #51) [] []
[2024-08-25 13:49:37] merlin-logger.DEBUG: Post 51 was imported with author "root", but could not be found [] []
[2024-08-25 13:49:37] merlin-logger.DEBUG: Post 51 was marked for post-processing, but none was required. [] []
[2024-08-25 13:49:37] merlin-logger.DEBUG: Running post-processing for post 52 [] []
[2024-08-25 13:49:37] merlin-logger.WARNING: Could not find the author for "tools03" (post #52) [] []
[2024-08-25 13:49:37] merlin-logger.DEBUG: Post 52 was imported with author "root", but could not be found [] []
[2024-08-25 13:49:37] merlin-logger.DEBUG: Post 52 was marked for post-processing, but none was required. [] []
[2024-08-25 13:49:37] merlin-logger.DEBUG: Running post-processing for post 53 [] []
[2024-08-25 13:49:37] merlin-logger.WARNING: Could not find the author for "tools04" (post #53) [] []
[2024-08-25 13:49:37] merlin-logger.DEBUG: Post 53 was imported with author "root", but could not be found [] []
[2024-08-25 13:49:37] merlin-logger.DEBUG: Post 53 was marked for post-processing, but none was required. [] []
[2024-08-25 13:49:37] merlin-logger.DEBUG: Running post-processing for post 54 [] []
[2024-08-25 13:49:37] merlin-logger.WARNING: Could not find the author for "tools05" (post #54) [] []
[2024-08-25 13:49:37] merlin-logger.DEBUG: Post 54 was imported with author "root", but could not be found [] []
[2024-08-25 13:49:37] merlin-logger.DEBUG: Post 54 was marked for post-processing, but none was required. [] []
[2024-08-25 13:49:37] merlin-logger.DEBUG: Running post-processing for post 55 [] []
[2024-08-25 13:49:37] merlin-logger.WARNING: Could not find the author for "tools06" (post #55) [] []
[2024-08-25 13:49:37] merlin-logger.DEBUG: Post 55 was imported with author "root", but could not be found [] []
[2024-08-25 13:49:37] merlin-logger.DEBUG: Post 55 was marked for post-processing, but none was required. [] []
[2024-08-25 13:49:37] merlin-logger.DEBUG: Running post-processing for post 56 [] []
[2024-08-25 13:49:37] merlin-logger.WARNING: Could not find the author for "urban01" (post #56) [] []
[2024-08-25 13:49:37] merlin-logger.DEBUG: Post 56 was imported with author "root", but could not be found [] []
[2024-08-25 13:49:37] merlin-logger.DEBUG: Post 56 was marked for post-processing, but none was required. [] []
[2024-08-25 13:49:37] merlin-logger.DEBUG: Running post-processing for post 57 [] []
[2024-08-25 13:49:37] merlin-logger.WARNING: Could not find the author for "urban02" (post #57) [] []
[2024-08-25 13:49:37] merlin-logger.DEBUG: Post 57 was imported with author "root", but could not be found [] []
[2024-08-25 13:49:37] merlin-logger.DEBUG: Post 57 was marked for post-processing, but none was required. [] []
[2024-08-25 13:49:37] merlin-logger.DEBUG: Running post-processing for post 58 [] []
[2024-08-25 13:49:37] merlin-logger.WARNING: Could not find the author for "urban03" (post #58) [] []
[2024-08-25 13:49:37] merlin-logger.DEBUG: Post 58 was imported with author "root", but could not be found [] []
[2024-08-25 13:49:37] merlin-logger.DEBUG: Post 58 was marked for post-processing, but none was required. [] []
[2024-08-25 13:49:37] merlin-logger.DEBUG: Running post-processing for post 59 [] []
[2024-08-25 13:49:37] merlin-logger.WARNING: Could not find the author for "urban04" (post #59) [] []
[2024-08-25 13:49:37] merlin-logger.DEBUG: Post 59 was imported with author "root", but could not be found [] []
[2024-08-25 13:49:37] merlin-logger.DEBUG: Post 59 was marked for post-processing, but none was required. [] []
[2024-08-25 13:49:37] merlin-logger.DEBUG: Running post-processing for post 60 [] []
[2024-08-25 13:49:37] merlin-logger.WARNING: Could not find the author for "urban05" (post #60) [] []
[2024-08-25 13:49:37] merlin-logger.DEBUG: Post 60 was imported with author "root", but could not be found [] []
[2024-08-25 13:49:37] merlin-logger.DEBUG: Post 60 was marked for post-processing, but none was required. [] []
[2024-08-25 13:49:37] merlin-logger.DEBUG: Running post-processing for post 2573 [] []
[2024-08-25 13:49:37] merlin-logger.WARNING: Could not find the author for "1" (post #2573) [] []
[2024-08-25 13:49:37] merlin-logger.DEBUG: Post 2573 was imported with author "root", but could not be found [] []
[2024-08-25 13:49:37] merlin-logger.DEBUG: Post 2573 was marked for post-processing, but none was required. [] []
[2024-08-25 13:49:37] merlin-logger.DEBUG: Running post-processing for post 2574 [] []
[2024-08-25 13:49:37] merlin-logger.WARNING: Could not find the author for "7" (post #2574) [] []
[2024-08-25 13:49:37] merlin-logger.DEBUG: Post 2574 was imported with author "root", but could not be found [] []
[2024-08-25 13:49:37] merlin-logger.DEBUG: Post 2574 was marked for post-processing, but none was required. [] []
[2024-08-25 13:49:37] merlin-logger.DEBUG: Running post-processing for post 2576 [] []
[2024-08-25 13:49:37] merlin-logger.WARNING: Could not find the author for "8" (post #2576) [] []
[2024-08-25 13:49:37] merlin-logger.DEBUG: Post 2576 was imported with author "root", but could not be found [] []
[2024-08-25 13:49:37] merlin-logger.DEBUG: Post 2576 was marked for post-processing, but none was required. [] []
[2024-08-25 13:49:37] merlin-logger.DEBUG: Running post-processing for post 2577 [] []
[2024-08-25 13:49:37] merlin-logger.WARNING: Could not find the author for "12" (post #2577) [] []
[2024-08-25 13:49:37] merlin-logger.DEBUG: Post 2577 was imported with author "root", but could not be found [] []
[2024-08-25 13:49:37] merlin-logger.DEBUG: Post 2577 was marked for post-processing, but none was required. [] []
[2024-08-25 13:49:37] merlin-logger.DEBUG: Running post-processing for post 2578 [] []
[2024-08-25 13:49:37] merlin-logger.WARNING: Could not find the author for "17" (post #2578) [] []
[2024-08-25 13:49:37] merlin-logger.DEBUG: Post 2578 was imported with author "root", but could not be found [] []
[2024-08-25 13:49:37] merlin-logger.DEBUG: Post 2578 was marked for post-processing, but none was required. [] []
[2024-08-25 13:49:37] merlin-logger.DEBUG: Running post-processing for post 2603 [] []
[2024-08-25 13:49:37] merlin-logger.WARNING: Could not find the author for "about" (post #2603) [] []
[2024-08-25 13:49:37] merlin-logger.DEBUG: Post 2603 was imported with author "root", but could not be found [] []
[2024-08-25 13:49:37] merlin-logger.DEBUG: Running post-processing for post 2661 [] []
[2024-08-25 13:49:37] merlin-logger.WARNING: Could not find the author for "collage01" (post #2661) [] []
[2024-08-25 13:49:37] merlin-logger.DEBUG: Post 2661 was imported with author "root", but could not be found [] []
[2024-08-25 13:49:38] merlin-logger.DEBUG: Running post-processing for post 2662 [] []
[2024-08-25 13:49:38] merlin-logger.WARNING: Could not find the author for "collage02" (post #2662) [] []
[2024-08-25 13:49:38] merlin-logger.DEBUG: Post 2662 was imported with author "root", but could not be found [] []
[2024-08-25 13:49:38] merlin-logger.DEBUG: Running post-processing for post 2663 [] []
[2024-08-25 13:49:38] merlin-logger.WARNING: Could not find the author for "collage03" (post #2663) [] []
[2024-08-25 13:49:38] merlin-logger.DEBUG: Post 2663 was imported with author "root", but could not be found [] []
[2024-08-25 13:49:38] merlin-logger.DEBUG: Running post-processing for post 2664 [] []
[2024-08-25 13:49:38] merlin-logger.WARNING: Could not find the author for "collage04" (post #2664) [] []
[2024-08-25 13:49:38] merlin-logger.DEBUG: Post 2664 was imported with author "root", but could not be found [] []
[2024-08-25 13:49:38] merlin-logger.DEBUG: Running post-processing for post 2665 [] []
[2024-08-25 13:49:38] merlin-logger.WARNING: Could not find the author for "collage05" (post #2665) [] []
[2024-08-25 13:49:38] merlin-logger.DEBUG: Post 2665 was imported with author "root", but could not be found [] []
[2024-08-25 13:49:38] merlin-logger.DEBUG: Running post-processing for post 2666 [] []
[2024-08-25 13:49:38] merlin-logger.WARNING: Could not find the author for "collage06" (post #2666) [] []
[2024-08-25 13:49:38] merlin-logger.DEBUG: Post 2666 was imported with author "root", but could not be found [] []
[2024-08-25 13:49:38] merlin-logger.DEBUG: Running post-processing for post 2667 [] []
[2024-08-25 13:49:38] merlin-logger.WARNING: Could not find the author for "collage07" (post #2667) [] []
[2024-08-25 13:49:38] merlin-logger.DEBUG: Post 2667 was imported with author "root", but could not be found [] []
[2024-08-25 13:49:38] merlin-logger.DEBUG: Running post-processing for post 2668 [] []
[2024-08-25 13:49:38] merlin-logger.WARNING: Could not find the author for "image01" (post #2668) [] []
[2024-08-25 13:49:38] merlin-logger.DEBUG: Post 2668 was imported with author "root", but could not be found [] []
[2024-08-25 13:49:38] merlin-logger.DEBUG: Running post-processing for post 2669 [] []
[2024-08-25 13:49:38] merlin-logger.WARNING: Could not find the author for "image02" (post #2669) [] []
[2024-08-25 13:49:38] merlin-logger.DEBUG: Post 2669 was imported with author "root", but could not be found [] []
[2024-08-25 13:49:38] merlin-logger.DEBUG: Running post-processing for post 2670 [] []
[2024-08-25 13:49:38] merlin-logger.WARNING: Could not find the author for "image03" (post #2670) [] []
[2024-08-25 13:49:38] merlin-logger.DEBUG: Post 2670 was imported with author "root", but could not be found [] []
[2024-08-25 13:49:39] merlin-logger.DEBUG: Running post-processing for post 2671 [] []
[2024-08-25 13:49:39] merlin-logger.WARNING: Could not find the author for "image04" (post #2671) [] []
[2024-08-25 13:49:39] merlin-logger.DEBUG: Post 2671 was imported with author "root", but could not be found [] []
[2024-08-25 13:49:39] merlin-logger.DEBUG: Running post-processing for post 2672 [] []
[2024-08-25 13:49:39] merlin-logger.WARNING: Could not find the author for "pinned01" (post #2672) [] []
[2024-08-25 13:49:39] merlin-logger.DEBUG: Post 2672 was imported with author "root", but could not be found [] []
[2024-08-25 13:49:39] merlin-logger.DEBUG: Running post-processing for post 2673 [] []
[2024-08-25 13:49:39] merlin-logger.WARNING: Could not find the author for "pinned02" (post #2673) [] []
[2024-08-25 13:49:39] merlin-logger.DEBUG: Post 2673 was imported with author "root", but could not be found [] []
[2024-08-25 13:49:39] merlin-logger.DEBUG: Running post-processing for post 2788 [] []
[2024-08-25 13:49:39] merlin-logger.WARNING: Could not find the author for "studio04" (post #2788) [] []
[2024-08-25 13:49:39] merlin-logger.DEBUG: Post 2788 was imported with author "root", but could not be found [] []
[2024-08-25 13:49:39] merlin-logger.DEBUG: Post 2788 was marked for post-processing, but none was required. [] []
[2024-08-25 13:49:39] merlin-logger.DEBUG: Running post-processing for post 2789 [] []
[2024-08-25 13:49:39] merlin-logger.WARNING: Could not find the author for "studio01" (post #2789) [] []
[2024-08-25 13:49:39] merlin-logger.DEBUG: Post 2789 was imported with author "root", but could not be found [] []
[2024-08-25 13:49:39] merlin-logger.DEBUG: Post 2789 was marked for post-processing, but none was required. [] []
[2024-08-25 13:49:39] merlin-logger.DEBUG: Running post-processing for post 2790 [] []
[2024-08-25 13:49:39] merlin-logger.WARNING: Could not find the author for "studio02" (post #2790) [] []
[2024-08-25 13:49:39] merlin-logger.DEBUG: Post 2790 was imported with author "root", but could not be found [] []
[2024-08-25 13:49:39] merlin-logger.DEBUG: Post 2790 was marked for post-processing, but none was required. [] []
[2024-08-25 13:49:39] merlin-logger.DEBUG: Running post-processing for post 2791 [] []
[2024-08-25 13:49:39] merlin-logger.WARNING: Could not find the author for "studio03" (post #2791) [] []
[2024-08-25 13:49:39] merlin-logger.DEBUG: Post 2791 was imported with author "root", but could not be found [] []
[2024-08-25 13:49:39] merlin-logger.DEBUG: Post 2791 was marked for post-processing, but none was required. [] []
[2024-08-25 13:49:39] merlin-logger.DEBUG: Running post-processing for post 2804 [] []
[2024-08-25 13:49:39] merlin-logger.WARNING: Could not find the author for "studio01" (post #2804) [] []
[2024-08-25 13:49:39] merlin-logger.DEBUG: Post 2804 was imported with author "root", but could not be found [] []
[2024-08-25 13:49:39] merlin-logger.DEBUG: Post 2804 was marked for post-processing, but none was required. [] []
[2024-08-25 13:49:39] merlin-logger.DEBUG: Running post-processing for post 2805 [] []
[2024-08-25 13:49:39] merlin-logger.WARNING: Could not find the author for "studio02" (post #2805) [] []
[2024-08-25 13:49:39] merlin-logger.DEBUG: Post 2805 was imported with author "root", but could not be found [] []
[2024-08-25 13:49:39] merlin-logger.DEBUG: Post 2805 was marked for post-processing, but none was required. [] []
[2024-08-25 13:49:39] merlin-logger.DEBUG: Running post-processing for post 2806 [] []
[2024-08-25 13:49:39] merlin-logger.WARNING: Could not find the author for "studio03" (post #2806) [] []
[2024-08-25 13:49:39] merlin-logger.DEBUG: Post 2806 was imported with author "root", but could not be found [] []
[2024-08-25 13:49:39] merlin-logger.DEBUG: Post 2806 was marked for post-processing, but none was required. [] []
[2024-08-25 13:49:39] merlin-logger.DEBUG: Running post-processing for post 2810 [] []
[2024-08-25 13:49:39] merlin-logger.WARNING: Could not find the author for "studio04" (post #2810) [] []
[2024-08-25 13:49:39] merlin-logger.DEBUG: Post 2810 was imported with author "root", but could not be found [] []
[2024-08-25 13:49:39] merlin-logger.DEBUG: Post 2810 was marked for post-processing, but none was required. [] []
[2024-08-25 13:49:39] merlin-logger.DEBUG: Running post-processing for post 2843 [] []
[2024-08-25 13:49:39] merlin-logger.WARNING: Could not find the author for "team1" (post #2843) [] []
[2024-08-25 13:49:39] merlin-logger.DEBUG: Post 2843 was imported with author "root", but could not be found [] []
[2024-08-25 13:49:39] merlin-logger.DEBUG: Running post-processing for post 2844 [] []
[2024-08-25 13:49:39] merlin-logger.WARNING: Could not find the author for "team2" (post #2844) [] []
[2024-08-25 13:49:39] merlin-logger.DEBUG: Post 2844 was imported with author "root", but could not be found [] []
[2024-08-25 13:49:39] merlin-logger.DEBUG: Running post-processing for post 2848 [] []
[2024-08-25 13:49:39] merlin-logger.WARNING: Could not find the author for "team3" (post #2848) [] []
[2024-08-25 13:49:39] merlin-logger.DEBUG: Post 2848 was imported with author "root", but could not be found [] []
[2024-08-25 13:49:39] merlin-logger.DEBUG: Running post-processing for post 2849 [] []
[2024-08-25 13:49:39] merlin-logger.WARNING: Could not find the author for "team4" (post #2849) [] []
[2024-08-25 13:49:39] merlin-logger.DEBUG: Post 2849 was imported with author "root", but could not be found [] []
[2024-08-25 13:49:39] merlin-logger.DEBUG: Running post-processing for post 2871 [] []
[2024-08-25 13:49:39] merlin-logger.WARNING: Could not find the author for "client-01" (post #2871) [] []
[2024-08-25 13:49:39] merlin-logger.DEBUG: Post 2871 was imported with author "root", but could not be found [] []
[2024-08-25 13:49:39] merlin-logger.DEBUG: Running post-processing for post 2872 [] []
[2024-08-25 13:49:39] merlin-logger.WARNING: Could not find the author for "client-01-black" (post #2872) [] []
[2024-08-25 13:49:39] merlin-logger.DEBUG: Post 2872 was imported with author "root", but could not be found [] []
[2024-08-25 13:49:39] merlin-logger.DEBUG: Running post-processing for post 2873 [] []
[2024-08-25 13:49:39] merlin-logger.WARNING: Could not find the author for "Default Kit" (post #2873) [] []
[2024-08-25 13:49:39] merlin-logger.DEBUG: Post 2873 was imported with author "root", but could not be found [] []
[2024-08-25 13:49:39] merlin-logger.DEBUG: Post 2873 was marked for post-processing, but none was required. [] []
[2024-08-25 13:49:39] merlin-logger.DEBUG: Running post-processing for post 2580 [] []
[2024-08-25 13:49:39] merlin-logger.WARNING: Could not find the author for "" (post #2580) [] []
[2024-08-25 13:49:39] merlin-logger.DEBUG: Post 2580 was imported with author "root", but could not be found [] []
[2024-08-25 13:49:39] merlin-logger.DEBUG: Post 2580 was marked for post-processing, but none was required. [] []
[2024-08-25 13:49:39] merlin-logger.DEBUG: Running post-processing for post 2581 [] []
[2024-08-25 13:49:39] merlin-logger.WARNING: Could not find the author for "" (post #2581) [] []
[2024-08-25 13:49:39] merlin-logger.DEBUG: Post 2581 was imported with author "root", but could not be found [] []
[2024-08-25 13:49:39] merlin-logger.DEBUG: Post 2581 was marked for post-processing, but none was required. [] []
[2024-08-25 13:49:39] merlin-logger.DEBUG: Running post-processing for post 2582 [] []
[2024-08-25 13:49:39] merlin-logger.WARNING: Could not find the author for "" (post #2582) [] []
[2024-08-25 13:49:39] merlin-logger.DEBUG: Post 2582 was imported with author "root", but could not be found [] []
[2024-08-25 13:49:39] merlin-logger.DEBUG: Post 2582 was marked for post-processing, but none was required. [] []
[2024-08-25 13:49:39] merlin-logger.DEBUG: Running post-processing for post 2874 [] []
[2024-08-25 13:49:39] merlin-logger.WARNING: Could not find the author for "client-02" (post #2874) [] []
[2024-08-25 13:49:39] merlin-logger.DEBUG: Post 2874 was imported with author "root", but could not be found [] []
[2024-08-25 13:49:39] merlin-logger.DEBUG: Running post-processing for post 2875 [] []
[2024-08-25 13:49:39] merlin-logger.WARNING: Could not find the author for "client-02-black" (post #2875) [] []
[2024-08-25 13:49:39] merlin-logger.DEBUG: Post 2875 was imported with author "root", but could not be found [] []
[2024-08-25 13:49:40] merlin-logger.DEBUG: Running post-processing for post 2876 [] []
[2024-08-25 13:49:40] merlin-logger.WARNING: Could not find the author for "client-03" (post #2876) [] []
[2024-08-25 13:49:40] merlin-logger.DEBUG: Post 2876 was imported with author "root", but could not be found [] []
[2024-08-25 13:49:40] merlin-logger.DEBUG: Running post-processing for post 2877 [] []
[2024-08-25 13:49:40] merlin-logger.WARNING: Could not find the author for "client-03-black" (post #2877) [] []
[2024-08-25 13:49:40] merlin-logger.DEBUG: Post 2877 was imported with author "root", but could not be found [] []
[2024-08-25 13:49:40] merlin-logger.DEBUG: Running post-processing for post 2878 [] []
[2024-08-25 13:49:40] merlin-logger.WARNING: Could not find the author for "client-04" (post #2878) [] []
[2024-08-25 13:49:40] merlin-logger.DEBUG: Post 2878 was imported with author "root", but could not be found [] []
[2024-08-25 13:49:40] merlin-logger.DEBUG: Running post-processing for post 2879 [] []
[2024-08-25 13:49:40] merlin-logger.WARNING: Could not find the author for "client-04-black" (post #2879) [] []
[2024-08-25 13:49:40] merlin-logger.DEBUG: Post 2879 was imported with author "root", but could not be found [] []
[2024-08-25 13:49:40] merlin-logger.DEBUG: Running post-processing for post 2880 [] []
[2024-08-25 13:49:40] merlin-logger.WARNING: Could not find the author for "client-05" (post #2880) [] []
[2024-08-25 13:49:40] merlin-logger.DEBUG: Post 2880 was imported with author "root", but could not be found [] []
[2024-08-25 13:49:40] merlin-logger.DEBUG: Running post-processing for post 2881 [] []
[2024-08-25 13:49:40] merlin-logger.WARNING: Could not find the author for "client-05-black" (post #2881) [] []
[2024-08-25 13:49:40] merlin-logger.DEBUG: Post 2881 was imported with author "root", but could not be found [] []
[2024-08-25 13:49:40] merlin-logger.DEBUG: Running post-processing for post 2882 [] []
[2024-08-25 13:49:40] merlin-logger.WARNING: Could not find the author for "client-06" (post #2882) [] []
[2024-08-25 13:49:40] merlin-logger.DEBUG: Post 2882 was imported with author "root", but could not be found [] []
[2024-08-25 13:49:41] merlin-logger.DEBUG: Running post-processing for post 2883 [] []
[2024-08-25 13:49:41] merlin-logger.WARNING: Could not find the author for "client-06-black" (post #2883) [] []
[2024-08-25 13:49:41] merlin-logger.DEBUG: Post 2883 was imported with author "root", but could not be found [] []
[2024-08-25 13:49:41] merlin-logger.DEBUG: Running post-processing for post 2884 [] []
[2024-08-25 13:49:41] merlin-logger.WARNING: Could not find the author for "client-07" (post #2884) [] []
[2024-08-25 13:49:41] merlin-logger.DEBUG: Post 2884 was imported with author "root", but could not be found [] []
[2024-08-25 13:49:41] merlin-logger.DEBUG: Running post-processing for post 2885 [] []
[2024-08-25 13:49:41] merlin-logger.WARNING: Could not find the author for "client-07-black" (post #2885) [] []
[2024-08-25 13:49:41] merlin-logger.DEBUG: Post 2885 was imported with author "root", but could not be found [] []
[2024-08-25 13:49:41] merlin-logger.DEBUG: Running post-processing for post 2886 [] []
[2024-08-25 13:49:41] merlin-logger.WARNING: Could not find the author for "client-08" (post #2886) [] []
[2024-08-25 13:49:41] merlin-logger.DEBUG: Post 2886 was imported with author "root", but could not be found [] []
[2024-08-25 13:49:41] merlin-logger.DEBUG: Running post-processing for post 2887 [] []
[2024-08-25 13:49:41] merlin-logger.WARNING: Could not find the author for "client-08-black" (post #2887) [] []
[2024-08-25 13:49:41] merlin-logger.DEBUG: Post 2887 was imported with author "root", but could not be found [] []
[2024-08-25 13:49:41] merlin-logger.DEBUG: Running post-processing for post 2937 [] []
[2024-08-25 13:49:41] merlin-logger.WARNING: Could not find the author for "favicon" (post #2937) [] []
[2024-08-25 13:49:41] merlin-logger.DEBUG: Post 2937 was imported with author "root", but could not be found [] []
[2024-08-25 13:49:41] merlin-logger.DEBUG: Post 2937 was marked for post-processing, but none was required. [] []
[2024-08-25 13:49:41] merlin-logger.DEBUG: Running post-processing for post 2938 [] []
[2024-08-25 13:49:41] merlin-logger.WARNING: Could not find the author for "cropped-favicon.png" (post #2938) [] []
[2024-08-25 13:49:41] merlin-logger.DEBUG: Post 2938 was imported with author "root", but could not be found [] []
[2024-08-25 13:49:41] merlin-logger.DEBUG: Post 2938 was marked for post-processing, but none was required. [] []
[2024-08-25 13:49:41] merlin-logger.DEBUG: Running post-processing for post 2939 [] []
[2024-08-25 13:49:41] merlin-logger.WARNING: Could not find the author for "Sample Page" (post #2939) [] []
[2024-08-25 13:49:41] merlin-logger.DEBUG: Post 2939 was imported with author "root", but could not be found [] []
[2024-08-25 13:49:41] merlin-logger.DEBUG: Running post-processing for post 2940 [] []
[2024-08-25 13:49:41] merlin-logger.WARNING: Could not find the author for "Privacy Policy" (post #2940) [] []
[2024-08-25 13:49:41] merlin-logger.DEBUG: Post 2940 was imported with author "root", but could not be found [] []
[2024-08-25 13:49:41] merlin-logger.DEBUG: Post 2940 was marked for post-processing, but none was required. [] []
[2024-08-25 13:49:41] merlin-logger.DEBUG: Running post-processing for post 64 [] []
[2024-08-25 13:49:41] merlin-logger.WARNING: Could not find the author for "Showcase Carousel" (post #64) [] []
[2024-08-25 13:49:41] merlin-logger.DEBUG: Post 64 was imported with author "root", but could not be found [] []
[2024-08-25 13:49:41] merlin-logger.DEBUG: Post 64 was marked for post-processing, but none was required. [] []
[2024-08-25 13:49:41] merlin-logger.DEBUG: Running post-processing for post 66 [] []
[2024-08-25 13:49:41] merlin-logger.WARNING: Could not find the author for "Showcase Grid" (post #66) [] []
[2024-08-25 13:49:41] merlin-logger.DEBUG: Post 66 was imported with author "root", but could not be found [] []
[2024-08-25 13:49:41] merlin-logger.DEBUG: Post 66 was marked for post-processing, but none was required. [] []
[2024-08-25 13:49:41] merlin-logger.DEBUG: Running post-processing for post 68 [] []
[2024-08-25 13:49:41] merlin-logger.WARNING: Could not find the author for "Showcase Slider" (post #68) [] []
[2024-08-25 13:49:41] merlin-logger.DEBUG: Post 68 was imported with author "root", but could not be found [] []
[2024-08-25 13:49:41] merlin-logger.DEBUG: Post 68 was marked for post-processing, but none was required. [] []
[2024-08-25 13:49:41] merlin-logger.DEBUG: Running post-processing for post 70 [] []
[2024-08-25 13:49:41] merlin-logger.WARNING: Could not find the author for "Showcase List" (post #70) [] []
[2024-08-25 13:49:41] merlin-logger.DEBUG: Post 70 was imported with author "root", but could not be found [] []
[2024-08-25 13:49:41] merlin-logger.DEBUG: Post 70 was marked for post-processing, but none was required. [] []
[2024-08-25 13:49:41] merlin-logger.DEBUG: Running post-processing for post 72 [] []
[2024-08-25 13:49:41] merlin-logger.WARNING: Could not find the author for "Showcase Reverse" (post #72) [] []
[2024-08-25 13:49:41] merlin-logger.DEBUG: Post 72 was imported with author "root", but could not be found [] []
[2024-08-25 13:49:41] merlin-logger.DEBUG: Post 72 was marked for post-processing, but none was required. [] []
[2024-08-25 13:49:41] merlin-logger.DEBUG: Running post-processing for post 2561 [] []
[2024-08-25 13:49:41] merlin-logger.WARNING: Could not find the author for "Showcase Gallery" (post #2561) [] []
[2024-08-25 13:49:41] merlin-logger.DEBUG: Post 2561 was imported with author "root", but could not be found [] []
[2024-08-25 13:49:41] merlin-logger.DEBUG: Post 2561 was marked for post-processing, but none was required. [] []
[2024-08-25 13:49:41] merlin-logger.DEBUG: Running post-processing for post 2564 [] []
[2024-08-25 13:49:41] merlin-logger.WARNING: Could not find the author for "About" (post #2564) [] []
[2024-08-25 13:49:41] merlin-logger.DEBUG: Post 2564 was imported with author "root", but could not be found [] []
[2024-08-25 13:49:42] merlin-logger.DEBUG: Running post-processing for post 2584 [] []
[2024-08-25 13:49:42] merlin-logger.WARNING: Could not find the author for "" (post #2584) [] []
[2024-08-25 13:49:42] merlin-logger.DEBUG: Post 2584 was imported with author "root", but could not be found [] []
[2024-08-25 13:49:42] merlin-logger.DEBUG: Post 2584 was marked for post-processing, but none was required. [] []
[2024-08-25 13:49:42] merlin-logger.DEBUG: Running post-processing for post 2585 [] []
[2024-08-25 13:49:42] merlin-logger.WARNING: Could not find the author for "" (post #2585) [] []
[2024-08-25 13:49:42] merlin-logger.DEBUG: Post 2585 was imported with author "root", but could not be found [] []
[2024-08-25 13:49:42] merlin-logger.DEBUG: Post 2585 was marked for post-processing, but none was required. [] []
[2024-08-25 13:49:42] merlin-logger.DEBUG: Running post-processing for post 2586 [] []
[2024-08-25 13:49:42] merlin-logger.WARNING: Could not find the author for "" (post #2586) [] []
[2024-08-25 13:49:42] merlin-logger.DEBUG: Post 2586 was imported with author "root", but could not be found [] []
[2024-08-25 13:49:42] merlin-logger.DEBUG: Post 2586 was marked for post-processing, but none was required. [] []
[2024-08-25 13:49:42] merlin-logger.DEBUG: Running post-processing for post 2587 [] []
[2024-08-25 13:49:42] merlin-logger.WARNING: Could not find the author for "" (post #2587) [] []
[2024-08-25 13:49:42] merlin-logger.DEBUG: Post 2587 was imported with author "root", but could not be found [] []
[2024-08-25 13:49:42] merlin-logger.DEBUG: Post 2587 was marked for post-processing, but none was required. [] []
[2024-08-25 13:49:42] merlin-logger.DEBUG: Running post-processing for post 2588 [] []
[2024-08-25 13:49:42] merlin-logger.WARNING: Could not find the author for "" (post #2588) [] []
[2024-08-25 13:49:42] merlin-logger.DEBUG: Post 2588 was imported with author "root", but could not be found [] []
[2024-08-25 13:49:42] merlin-logger.DEBUG: Post 2588 was marked for post-processing, but none was required. [] []
[2024-08-25 13:49:42] merlin-logger.DEBUG: Running post-processing for post 2589 [] []
[2024-08-25 13:49:42] merlin-logger.WARNING: Could not find the author for "" (post #2589) [] []
[2024-08-25 13:49:42] merlin-logger.DEBUG: Post 2589 was imported with author "root", but could not be found [] []
[2024-08-25 13:49:42] merlin-logger.DEBUG: Post 2589 was marked for post-processing, but none was required. [] []
[2024-08-25 13:49:42] merlin-logger.DEBUG: Running post-processing for post 2590 [] []
[2024-08-25 13:49:42] merlin-logger.WARNING: Could not find the author for "" (post #2590) [] []
[2024-08-25 13:49:42] merlin-logger.DEBUG: Post 2590 was imported with author "root", but could not be found [] []
[2024-08-25 13:49:42] merlin-logger.DEBUG: Post 2590 was marked for post-processing, but none was required. [] []
[2024-08-25 13:49:42] merlin-logger.DEBUG: Running post-processing for post 2591 [] []
[2024-08-25 13:49:42] merlin-logger.WARNING: Could not find the author for "" (post #2591) [] []
[2024-08-25 13:49:42] merlin-logger.DEBUG: Post 2591 was imported with author "root", but could not be found [] []
[2024-08-25 13:49:42] merlin-logger.DEBUG: Post 2591 was marked for post-processing, but none was required. [] []
[2024-08-25 13:49:42] merlin-logger.DEBUG: Running post-processing for post 2592 [] []
[2024-08-25 13:49:42] merlin-logger.WARNING: Could not find the author for "Portfolio" (post #2592) [] []
[2024-08-25 13:49:42] merlin-logger.DEBUG: Post 2592 was imported with author "root", but could not be found [] []
[2024-08-25 13:49:42] merlin-logger.DEBUG: Post 2592 was marked for post-processing, but none was required. [] []
[2024-08-25 13:49:42] merlin-logger.DEBUG: Running post-processing for post 2594 [] []
[2024-08-25 13:49:42] merlin-logger.WARNING: Could not find the author for "More" (post #2594) [] []
[2024-08-25 13:49:42] merlin-logger.DEBUG: Post 2594 was imported with author "root", but could not be found [] []
[2024-08-25 13:49:42] merlin-logger.DEBUG: Post 2594 was marked for post-processing, but none was required. [] []
[2024-08-25 13:49:42] merlin-logger.DEBUG: Running post-processing for post 2601 [] []
[2024-08-25 13:49:42] merlin-logger.WARNING: Could not find the author for "" (post #2601) [] []
[2024-08-25 13:49:42] merlin-logger.DEBUG: Post 2601 was imported with author "root", but could not be found [] []
[2024-08-25 13:49:42] merlin-logger.DEBUG: Post 2601 was marked for post-processing, but none was required. [] []
[2024-08-25 13:49:42] merlin-logger.DEBUG: Running post-processing for post 6 [] []
[2024-08-25 13:49:42] merlin-logger.WARNING: Could not find the author for "Contact form 1" (post #6) [] []
[2024-08-25 13:49:42] merlin-logger.DEBUG: Post 6 was imported with author "root", but could not be found [] []
[2024-08-25 13:49:42] merlin-logger.DEBUG: Post 6 was marked for post-processing, but none was required. [] []
[2024-08-25 13:49:42] merlin-logger.DEBUG: Running post-processing for post 74 [] []
[2024-08-25 13:49:42] merlin-logger.WARNING: Could not find the author for "Hello world!" (post #74) [] []
[2024-08-25 13:49:42] merlin-logger.DEBUG: Post 74 was imported with author "root", but could not be found [] []
[2024-08-25 13:49:42] merlin-logger.DEBUG: Post 74 was marked for post-processing, but none was required. [] []
[2024-08-25 13:49:42] merlin-logger.DEBUG: Running post-processing for post 2551 [] []
[2024-08-25 13:49:42] merlin-logger.WARNING: Could not find the author for "Endless Road Stories" (post #2551) [] []
[2024-08-25 13:49:42] merlin-logger.DEBUG: Post 2551 was imported with author "root", but could not be found [] []
[2024-08-25 13:49:42] merlin-logger.DEBUG: Post 2551 was marked for post-processing, but none was required. [] []
[2024-08-25 13:49:42] merlin-logger.DEBUG: Running post-processing for post 2553 [] []
[2024-08-25 13:49:42] merlin-logger.WARNING: Could not find the author for "Blonde Surf Girl" (post #2553) [] []
[2024-08-25 13:49:42] merlin-logger.DEBUG: Post 2553 was imported with author "root", but could not be found [] []
[2024-08-25 13:49:42] merlin-logger.DEBUG: Post 2553 was marked for post-processing, but none was required. [] []
[2024-08-25 13:49:42] merlin-logger.DEBUG: Running post-processing for post 2555 [] []
[2024-08-25 13:49:42] merlin-logger.WARNING: Could not find the author for "Bird Eye Shots" (post #2555) [] []
[2024-08-25 13:49:42] merlin-logger.DEBUG: Post 2555 was imported with author "root", but could not be found [] []
[2024-08-25 13:49:42] merlin-logger.DEBUG: Post 2555 was marked for post-processing, but none was required. [] []
[2024-08-25 13:49:42] merlin-logger.DEBUG: Running post-processing for post 2557 [] []
[2024-08-25 13:49:42] merlin-logger.WARNING: Could not find the author for "Desert Treasure Hunt" (post #2557) [] []
[2024-08-25 13:49:42] merlin-logger.DEBUG: Post 2557 was imported with author "root", but could not be found [] []
[2024-08-25 13:49:42] merlin-logger.DEBUG: Post 2557 was marked for post-processing, but none was required. [] []
[2024-08-25 13:49:42] merlin-logger.DEBUG: Running post-processing for post 2559 [] []
[2024-08-25 13:49:42] merlin-logger.WARNING: Could not find the author for "Blue Ocean Waves" (post #2559) [] []
[2024-08-25 13:49:42] merlin-logger.DEBUG: Post 2559 was imported with author "root", but could not be found [] []
[2024-08-25 13:49:42] merlin-logger.DEBUG: Post 2559 was marked for post-processing, but none was required. [] []
[2024-08-25 13:49:42] merlin-logger.DEBUG: Running post-processing for post 2566 [] []
[2024-08-25 13:49:42] merlin-logger.WARNING: Could not find the author for "Contact" (post #2566) [] []
[2024-08-25 13:49:42] merlin-logger.DEBUG: Post 2566 was imported with author "root", but could not be found [] []
[2024-08-25 13:49:42] merlin-logger.DEBUG: Post 2566 was marked for post-processing, but none was required. [] []
[2024-08-25 13:49:42] merlin-logger.DEBUG: Running post-processing for post 2568 [] []
[2024-08-25 13:49:42] merlin-logger.WARNING: Could not find the author for "Typography" (post #2568) [] []
[2024-08-25 13:49:42] merlin-logger.DEBUG: Post 2568 was imported with author "root", but could not be found [] []
[2024-08-25 13:49:42] merlin-logger.DEBUG: Post 2568 was marked for post-processing, but none was required. [] []
[2024-08-25 13:49:42] merlin-logger.DEBUG: Running post-processing for post 2570 [] []
[2024-08-25 13:49:42] merlin-logger.WARNING: Could not find the author for "Multimedia" (post #2570) [] []
[2024-08-25 13:49:42] merlin-logger.DEBUG: Post 2570 was imported with author "root", but could not be found [] []
[2024-08-25 13:49:43] merlin-logger.DEBUG: Running post-processing for post 2572 [] []
[2024-08-25 13:49:43] merlin-logger.WARNING: Could not find the author for "Shortcodes" (post #2572) [] []
[2024-08-25 13:49:43] merlin-logger.DEBUG: Post 2572 was imported with author "root", but could not be found [] []
[2024-08-25 13:49:43] merlin-logger.DEBUG: Running post-processing for post 2598 [] []
[2024-08-25 13:49:43] merlin-logger.WARNING: Could not find the author for "Stories" (post #2598) [] []
[2024-08-25 13:49:43] merlin-logger.DEBUG: Post 2598 was imported with author "root", but could not be found [] []
[2024-08-25 13:49:43] merlin-logger.DEBUG: Post 2598 was marked for post-processing, but none was required. [] []
[2024-08-25 13:49:43] merlin-logger.DEBUG: Running post-processing for post 2602 [] []
[2024-08-25 13:49:43] merlin-logger.WARNING: Could not find the author for "Audio Speaker" (post #2602) [] []
[2024-08-25 13:49:43] merlin-logger.DEBUG: Post 2602 was imported with author "root", but could not be found [] []
[2024-08-25 13:49:44] merlin-logger.DEBUG: Running post-processing for post 2604 [] []
[2024-08-25 13:49:44] merlin-logger.WARNING: Could not find the author for "Cast Craft" (post #2604) [] []
[2024-08-25 13:49:44] merlin-logger.DEBUG: Post 2604 was imported with author "root", but could not be found [] []
[2024-08-25 13:49:44] merlin-logger.DEBUG: Running post-processing for post 2605 [] []
[2024-08-25 13:49:44] merlin-logger.WARNING: Could not find the author for "Organic Earth" (post #2605) [] []
[2024-08-25 13:49:44] merlin-logger.DEBUG: Post 2605 was imported with author "root", but could not be found [] []
[2024-08-25 13:49:44] merlin-logger.DEBUG: Running post-processing for post 2606 [] []
[2024-08-25 13:49:44] merlin-logger.WARNING: Could not find the author for "Liberty" (post #2606) [] []
[2024-08-25 13:49:44] merlin-logger.DEBUG: Post 2606 was imported with author "root", but could not be found [] []
[2024-08-25 13:49:44] merlin-logger.DEBUG: Running post-processing for post 2607 [] []
[2024-08-25 13:49:44] merlin-logger.WARNING: Could not find the author for "Urban Art" (post #2607) [] []
[2024-08-25 13:49:44] merlin-logger.DEBUG: Post 2607 was imported with author "root", but could not be found [] []
[2024-08-25 13:49:44] merlin-logger.DEBUG: Running post-processing for post 2608 [] []
[2024-08-25 13:49:44] merlin-logger.WARNING: Could not find the author for "Black Tools" (post #2608) [] []
[2024-08-25 13:49:44] merlin-logger.DEBUG: Post 2608 was imported with author "root", but could not be found [] []
[2024-08-25 13:49:44] merlin-logger.DEBUG: Running post-processing for post 2609 [] []
[2024-08-25 13:49:44] merlin-logger.WARNING: Could not find the author for "Squeeze" (post #2609) [] []
[2024-08-25 13:49:44] merlin-logger.DEBUG: Post 2609 was imported with author "root", but could not be found [] []
[2024-08-25 13:49:44] merlin-logger.DEBUG: Running post-processing for post 2610 [] []
[2024-08-25 13:49:44] merlin-logger.WARNING: Could not find the author for "Green Leafs" (post #2610) [] []
[2024-08-25 13:49:44] merlin-logger.DEBUG: Post 2610 was imported with author "root", but could not be found [] []
[2024-08-25 13:49:44] merlin-logger.WARNING: Could not find the author for comment #3 [] []
[2024-08-25 13:49:44] merlin-logger.DEBUG: Comment 3 was imported with author 1, but could not be found [] []
[2024-08-25 13:49:44] merlin-logger.INFO: Starting remapping of featured images [] []
[2024-08-25 13:49:46] merlin-logger.INFO: The content import AJAX call will be executed with this import data {"title":"Widgets","data":"E:\\xampp\\htdocs\\wordpress/wp-content/uploads/2024/08/widgets-2024-08-25__13-47-49.json"} []
[2024-08-25 13:49:46] merlin-logger.DEBUG: Blog Sidebar :   Block - No Title - Widget already exists Block - No Title - Widget already exists Block - No Title - Widget already exists   [] []
[2024-08-25 13:49:47] merlin-logger.INFO: The content import AJAX call will be executed with this import data {"title":"Options","data":"E:\\xampp\\htdocs\\wordpress/wp-content/uploads/2024/08/options-2024-08-25__13-47-49.dat"} []
[2024-08-25 13:49:48] merlin-logger.INFO: The customizer import has finished successfully [] []
[2024-08-25 13:49:48] merlin-logger.INFO: The content import AJAX call will be executed with this import data {"title":"After import setup","data":1} []
[2024-08-25 13:49:54] merlin-logger.DEBUG: The final step has been displayed [] []
